<?xml version="1.0" encoding="UTF-8"?>
<!-- Generated by org.testng.reporters.JUnitReportReporter -->
<testsuite skipped="0" hostname="DESKTOP-P07OGD8" name="com.training.realestate.tests.RETC_001_Register_Test" tests="1" failures="0" timestamp="25 Aug 2019 18:40:42 GMT" time="35.500" errors="0">
  <testcase name="RegistrationTest" time="35.500" classname="com.training.realestate.tests.RETC_001_Register_Test"/>
</testsuite> <!-- com.training.realestate.tests.RETC_001_Register_Test -->
