<?xml version="1.0" encoding="UTF-8"?>
<!-- Generated by org.testng.reporters.JUnitReportReporter -->
<testsuite skipped="0" hostname="DESKTOP-P07OGD8" name="com.training.realestate.tests.RETC_003_Pwd_Recovery_Test" tests="1" failures="0" timestamp="25 Aug 2019 18:10:50 GMT" time="53.116" errors="0">
  <testcase name="Pwd_Recovery_Test" time="53.116" classname="com.training.realestate.tests.RETC_003_Pwd_Recovery_Test"/>
</testsuite> <!-- com.training.realestate.tests.RETC_003_Pwd_Recovery_Test -->
