<?xml version="1.0" encoding="UTF-8"?>
<!-- Generated by org.testng.reporters.JUnitReportReporter -->
<testsuite skipped="0" hostname="DESKTOP-P07OGD8" name="com.training.sanity.tests.LoginTests" tests="1" failures="0" timestamp="19 Aug 2019 13:27:28 GMT" time="22.253" errors="0">
  <testcase name="validLoginTest" time="22.253" classname="com.training.sanity.tests.LoginTests"/>
</testsuite> <!-- com.training.sanity.tests.LoginTests -->
