<?xml version="1.0" encoding="UTF-8"?>
<!-- Generated by org.testng.reporters.JUnitReportReporter -->
<testsuite skipped="0" hostname="DESKTOP-P07OGD8" name="com.training.realestate.tests.RETC_002_Login_Test" tests="1" failures="0" timestamp="25 Aug 2019 18:38:04 GMT" time="41.194" errors="0">
  <testcase name="Login_Test" time="41.194" classname="com.training.realestate.tests.RETC_002_Login_Test"/>
</testsuite> <!-- com.training.realestate.tests.RETC_002_Login_Test -->
